2025-05-09T13:53:43.064+05:30  INFO 10736 --- [Restaurant-service] [main] com.fds.RestaurantServiceApplication     : Starting RestaurantServiceApplication using Java 21.0.6 with PID 10736 (C:\Users\2400629\git\FDS\Restaurant-service\target\classes started by 2400629 in C:\Users\2400629\git\FDS\Restaurant-service)
2025-05-09T13:53:43.069+05:30  INFO 10736 --- [Restaurant-service] [main] com.fds.RestaurantServiceApplication     : No active profile set, falling back to 1 default profile: "default"
2025-05-09T13:53:43.177+05:30  INFO 10736 --- [Restaurant-service] [main] o.s.c.c.c.ConfigServerConfigDataLoader   : Fetching config from server at : http://localhost:6666
2025-05-09T13:53:43.185+05:30  INFO 10736 --- [Restaurant-service] [main] o.s.c.c.c.ConfigServerConfigDataLoader   : Located environment: name=Restaurant-service, profiles=[default], label=null, version=38db4d25810ca9d3fddec8552e197ebb532f962e, state=
2025-05-09T13:53:44.912+05:30  INFO 10736 --- [Restaurant-service] [main] .s.d.r.c.RepositoryConfigurationDelegate : Bootstrapping Spring Data JPA repositories in DEFAULT mode.
2025-05-09T13:53:45.345+05:30  INFO 10736 --- [Restaurant-service] [main] .s.d.r.c.RepositoryConfigurationDelegate : Finished Spring Data repository scanning in 411 ms. Found 1 JPA repository interface.
2025-05-09T13:53:45.779+05:30  INFO 10736 --- [Restaurant-service] [main] o.s.cloud.context.scope.GenericScope     : BeanFactory id=d42810e9-74ea-3d52-9330-6d9d748fe3f7
2025-05-09T13:53:46.685+05:30  INFO 10736 --- [Restaurant-service] [main] o.s.b.w.embedded.tomcat.TomcatWebServer  : Tomcat initialized with port 2222 (http)
2025-05-09T13:53:46.723+05:30  INFO 10736 --- [Restaurant-service] [main] o.apache.catalina.core.StandardService   : Starting service [Tomcat]
2025-05-09T13:53:46.724+05:30  INFO 10736 --- [Restaurant-service] [main] o.apache.catalina.core.StandardEngine    : Starting Servlet engine: [Apache Tomcat/10.1.40]
2025-05-09T13:53:46.942+05:30  INFO 10736 --- [Restaurant-service] [main] o.a.c.c.C.[Tomcat].[localhost].[/]       : Initializing Spring embedded WebApplicationContext
2025-05-09T13:53:46.944+05:30  INFO 10736 --- [Restaurant-service] [main] w.s.c.ServletWebServerApplicationContext : Root WebApplicationContext: initialization completed in 3754 ms
2025-05-09T13:53:47.334+05:30  INFO 10736 --- [Restaurant-service] [main] o.hibernate.jpa.internal.util.LogHelper  : HHH000204: Processing PersistenceUnitInfo [name: default]
2025-05-09T13:53:47.465+05:30  INFO 10736 --- [Restaurant-service] [main] org.hibernate.Version                    : HHH000412: Hibernate ORM core version 6.6.13.Final
2025-05-09T13:53:47.551+05:30  INFO 10736 --- [Restaurant-service] [main] o.h.c.internal.RegionFactoryInitiator    : HHH000026: Second-level cache disabled
2025-05-09T13:53:48.334+05:30  INFO 10736 --- [Restaurant-service] [main] o.s.o.j.p.SpringPersistenceUnitInfo      : No LoadTimeWeaver setup: ignoring JPA class transformer
2025-05-09T13:53:48.422+05:30  INFO 10736 --- [Restaurant-service] [main] com.zaxxer.hikari.HikariDataSource       : HikariPool-1 - Starting...
2025-05-09T13:53:49.195+05:30  INFO 10736 --- [Restaurant-service] [main] com.zaxxer.hikari.pool.HikariPool        : HikariPool-1 - Added connection com.mysql.cj.jdbc.ConnectionImpl@27a6384b
2025-05-09T13:53:49.200+05:30  INFO 10736 --- [Restaurant-service] [main] com.zaxxer.hikari.HikariDataSource       : HikariPool-1 - Start completed.
2025-05-09T13:53:49.341+05:30  WARN 10736 --- [Restaurant-service] [main] org.hibernate.orm.deprecation            : HHH90000025: MySQLDialect does not need to be specified explicitly using 'hibernate.dialect' (remove the property setting and it will be selected by default)
2025-05-09T13:53:49.389+05:30  INFO 10736 --- [Restaurant-service] [main] org.hibernate.orm.connections.pooling    : HHH10001005: Database info:
	Database JDBC URL [Connecting through datasource 'HikariDataSource (HikariPool-1)']
	Database driver: undefined/unknown
	Database version: 8.0.41
	Autocommit mode: undefined/unknown
	Isolation level: undefined/unknown
	Minimum pool size: undefined/unknown
	Maximum pool size: undefined/unknown
2025-05-09T13:53:51.319+05:30  INFO 10736 --- [Restaurant-service] [main] o.h.e.t.j.p.i.JtaPlatformInitiator       : HHH000489: No JTA platform available (set 'hibernate.transaction.jta.platform' to enable JTA platform integration)
2025-05-09T13:53:51.456+05:30  INFO 10736 --- [Restaurant-service] [main] j.LocalContainerEntityManagerFactoryBean : Initialized JPA EntityManagerFactory for persistence unit 'default'
2025-05-09T13:53:52.133+05:30  WARN 10736 --- [Restaurant-service] [main] JpaBaseConfiguration$JpaWebConfiguration : spring.jpa.open-in-view is enabled by default. Therefore, database queries may be performed during view rendering. Explicitly configure spring.jpa.open-in-view to disable this warning
2025-05-09T13:53:53.415+05:30  INFO 10736 --- [Restaurant-service] [main] DiscoveryClientOptionalArgsConfiguration : Eureka HTTP Client uses RestTemplate.
2025-05-09T13:53:53.512+05:30  WARN 10736 --- [Restaurant-service] [main] iguration$LoadBalancerCaffeineWarnLogger : Spring Cloud LoadBalancer is currently working with the default cache. While this cache implementation is useful for development and tests, it's recommended to use Caffeine cache in production.You can switch to using Caffeine cache, by adding it and org.springframework.cache.caffeine.CaffeineCacheManager to the classpath.
2025-05-09T13:53:53.633+05:30  INFO 10736 --- [Restaurant-service] [main] o.s.c.n.eureka.InstanceInfoFactory       : Setting initial instance status as: STARTING
2025-05-09T13:53:53.710+05:30  INFO 10736 --- [Restaurant-service] [main] com.netflix.discovery.DiscoveryClient    : Initializing Eureka in region us-east-1
2025-05-09T13:53:53.723+05:30  INFO 10736 --- [Restaurant-service] [main] c.n.d.s.r.aws.ConfigClusterResolver      : Resolving eureka endpoints via configuration
2025-05-09T13:53:53.751+05:30  INFO 10736 --- [Restaurant-service] [main] com.netflix.discovery.DiscoveryClient    : Disable delta property : false
2025-05-09T13:53:53.751+05:30  INFO 10736 --- [Restaurant-service] [main] com.netflix.discovery.DiscoveryClient    : Single vip registry refresh property : null
2025-05-09T13:53:53.751+05:30  INFO 10736 --- [Restaurant-service] [main] com.netflix.discovery.DiscoveryClient    : Force full registry fetch : false
2025-05-09T13:53:53.752+05:30  INFO 10736 --- [Restaurant-service] [main] com.netflix.discovery.DiscoveryClient    : Application is null : false
2025-05-09T13:53:53.752+05:30  INFO 10736 --- [Restaurant-service] [main] com.netflix.discovery.DiscoveryClient    : Registered Applications size is zero : true
2025-05-09T13:53:53.752+05:30  INFO 10736 --- [Restaurant-service] [main] com.netflix.discovery.DiscoveryClient    : Application version is -1: true
2025-05-09T13:53:53.752+05:30  INFO 10736 --- [Restaurant-service] [main] com.netflix.discovery.DiscoveryClient    : Getting all instance registry info from the eureka server
2025-05-09T13:53:54.354+05:30  INFO 10736 --- [Restaurant-service] [main] com.netflix.discovery.DiscoveryClient    : The response status is 200
2025-05-09T13:53:54.358+05:30  INFO 10736 --- [Restaurant-service] [main] com.netflix.discovery.DiscoveryClient    : Starting heartbeat executor: renew interval is: 30
2025-05-09T13:53:54.361+05:30  INFO 10736 --- [Restaurant-service] [main] c.n.discovery.InstanceInfoReplicator     : InstanceInfoReplicator onDemand update allowed rate per min is 4
2025-05-09T13:53:54.363+05:30  INFO 10736 --- [Restaurant-service] [main] com.netflix.discovery.DiscoveryClient    : Discovery Client initialized at timestamp 1746779034363 with initial instances count: 1
2025-05-09T13:53:54.369+05:30  INFO 10736 --- [Restaurant-service] [main] o.s.c.n.e.s.EurekaServiceRegistry        : Registering application RESTAURANT-SERVICE with eureka with status UP
2025-05-09T13:53:54.370+05:30  INFO 10736 --- [Restaurant-service] [main] com.netflix.discovery.DiscoveryClient    : Saw local status change event StatusChangeEvent [timestamp=1746779034370, current=UP, previous=STARTING]
2025-05-09T13:53:54.374+05:30  INFO 10736 --- [Restaurant-service] [DiscoveryClient-InstanceInfoReplicator-%d] com.netflix.discovery.DiscoveryClient    : DiscoveryClient_RESTAURANT-SERVICE/LTIN600905.cts.com:Restaurant-service:2222: registering service...
2025-05-09T13:53:54.422+05:30  INFO 10736 --- [Restaurant-service] [main] o.s.b.w.embedded.tomcat.TomcatWebServer  : Tomcat started on port 2222 (http) with context path '/'
2025-05-09T13:53:54.424+05:30  INFO 10736 --- [Restaurant-service] [main] .s.c.n.e.s.EurekaAutoServiceRegistration : Updating port to 2222
2025-05-09T13:53:54.468+05:30  INFO 10736 --- [Restaurant-service] [main] com.fds.RestaurantServiceApplication     : Started RestaurantServiceApplication in 13.878 seconds (process running for 15.132)
2025-05-09T13:53:54.487+05:30  INFO 10736 --- [Restaurant-service] [DiscoveryClient-InstanceInfoReplicator-%d] com.netflix.discovery.DiscoveryClient    : DiscoveryClient_RESTAURANT-SERVICE/LTIN600905.cts.com:Restaurant-service:2222 - registration status: 204
2025-05-09T13:58:53.767+05:30  INFO 10736 --- [Restaurant-service] [AsyncResolver-bootstrap-executor-%d] c.n.d.s.r.aws.ConfigClusterResolver      : Resolving eureka endpoints via configuration
2025-05-09T14:03:19.443+05:30  INFO 10736 --- [Restaurant-service] [http-nio-2222-exec-2] o.a.c.c.C.[Tomcat].[localhost].[/]       : Initializing Spring DispatcherServlet 'dispatcherServlet'
2025-05-09T14:03:19.443+05:30  INFO 10736 --- [Restaurant-service] [http-nio-2222-exec-2] o.s.web.servlet.DispatcherServlet        : Initializing Servlet 'dispatcherServlet'
2025-05-09T14:03:19.451+05:30  INFO 10736 --- [Restaurant-service] [http-nio-2222-exec-2] o.s.web.servlet.DispatcherServlet        : Completed initialization in 8 ms
2025-05-09T14:03:53.777+05:30  INFO 10736 --- [Restaurant-service] [AsyncResolver-bootstrap-executor-%d] c.n.d.s.r.aws.ConfigClusterResolver      : Resolving eureka endpoints via configuration
2025-05-09T14:08:53.780+05:30  INFO 10736 --- [Restaurant-service] [AsyncResolver-bootstrap-executor-%d] c.n.d.s.r.aws.ConfigClusterResolver      : Resolving eureka endpoints via configuration
